<?xml version="1.0" encoding="utf-8"?><testsuites name="pytest tests"><testsuite name="pytest" errors="0" failures="0" skipped="0" tests="4" time="1.324" timestamp="2026-06-28T10:21:17.017178+00:00" hostname="agent-env-964631f7-9da3-4140-a2be-5d6f85cb8e79"><testcase classname="tests.test_dpdp_regression" name="test_health" time="0.301" /><testcase classname="tests.test_dpdp_regression" name="test_enquiries_post_201" time="0.164" /><testcase classname="tests.test_dpdp_regression" name="test_contact_post_201" time="0.142" /><testcase classname="tests.test_dpdp_regression" name="test_enquiries_rejects_consent_field_gracefully" time="0.127" /></testsuite></testsuites>