<?xml version="1.0" encoding="utf-8"?><testsuites name="pytest tests"><testsuite name="pytest" errors="0" failures="0" skipped="0" tests="10" time="3.537" timestamp="2026-07-25T14:26:05.103594+00:00" hostname="agent-env-964631f7-9da3-4140-a2be-5d6f85cb8e79"><testcase classname="tests.test_remember_me.TestAdminProtected" name="test_stats_requires_auth" time="0.265" /><testcase classname="tests.test_remember_me.TestAdminRemember" name="test_login_default" time="0.560" /><testcase classname="tests.test_remember_me.TestAdminProtected" name="test_stats_invalid_token" time="0.250" /><testcase classname="tests.test_remember_me.TestAdminRemember" name="test_login_remember_true" time="0.529" /><testcase classname="tests.test_remember_me.TestAdminProtected" name="test_stats_valid" time="0.579" /><testcase classname="tests.test_remember_me.TestAdminRemember" name="test_login_remember_false" time="0.314" /><testcase classname="tests.test_remember_me.TestAdminProtected" name="test_site_settings_no_raw_id" time="0.309" /><testcase classname="tests.test_remember_me.TestAdminRemember" name="test_invalid_creds" time="0.319" /><testcase classname="tests.test_remember_me.TestStudentRemember" name="test_student_login_default" time="1.244" /><testcase classname="tests.test_remember_me.TestStudentRemember" name="test_student_login_remember" time="0.337" /></testsuite></testsuites>