<?xml version="1.0" encoding="utf-8"?><testsuites name="pytest tests"><testsuite name="pytest" errors="0" failures="0" skipped="0" tests="13" time="2.545" timestamp="2026-07-25T14:18:02.423005+00:00" hostname="agent-env-964631f7-9da3-4140-a2be-5d6f85cb8e79"><testcase classname="tests.test_token_expiry_regression" name="test_admin_login_returns_valid_jwt_with_72h_expiry" time="0.374" /><testcase classname="tests.test_token_expiry_regression" name="test_admin_stats_with_valid_token" time="0.107" /><testcase classname="tests.test_token_expiry_regression" name="test_protected_endpoint_401_with_invalid_token[/admin/stats]" time="0.209" /><testcase classname="tests.test_token_expiry_regression" name="test_protected_endpoint_401_with_invalid_token[/enquiries]" time="0.248" /><testcase classname="tests.test_token_expiry_regression" name="test_protected_endpoint_401_with_invalid_token[/applications]" time="0.208" /><testcase classname="tests.test_token_expiry_regression" name="test_protected_endpoint_401_with_missing_token[/admin/stats]" time="0.098" /><testcase classname="tests.test_token_expiry_regression" name="test_protected_endpoint_401_with_missing_token[/enquiries]" time="0.097" /><testcase classname="tests.test_token_expiry_regression" name="test_protected_endpoint_401_with_missing_token[/applications]" time="0.128" /><testcase classname="tests.test_token_expiry_regression" name="test_protected_endpoint_401_with_expired_token" time="0.134" /><testcase classname="tests.test_token_expiry_regression" name="test_site_settings_no_objectid_and_correct_pricing" time="0.095" /><testcase classname="tests.test_token_expiry_regression" name="test_public_testimonials_no_auth_required" time="0.103" /><testcase classname="tests.test_token_expiry_regression" name="test_health" time="0.091" /><testcase classname="tests.test_token_expiry_regression" name="test_student_me_401_with_invalid_token" time="0.098" /></testsuite></testsuites>