<?xml version="1.0" encoding="utf-8"?><testsuites name="pytest tests"><testsuite name="pytest" errors="0" failures="0" skipped="0" tests="29" time="3.873" timestamp="2026-06-28T14:05:03.356897+00:00" hostname="agent-env-964631f7-9da3-4140-a2be-5d6f85cb8e79"><testcase classname="tests.test_upgrade_regression" name="test_health" time="0.302" /><testcase classname="tests.test_upgrade_regression" name="test_enquiry_post_201" time="0.053" /><testcase classname="tests.test_upgrade_regression" name="test_contact_post_201" time="0.044" /><testcase classname="tests.test_upgrade_regression" name="test_newsletter_post_201" time="0.045" /><testcase classname="tests.test_upgrade_regression" name="test_admin_login_wrong_password" time="0.269" /><testcase classname="tests.test_upgrade_regression" name="test_admin_endpoint_requires_token" time="0.045" /><testcase classname="tests.test_upgrade_regression" name="test_admin_list_enquiries" time="0.341" /><testcase classname="tests.test_upgrade_regression" name="test_admin_stats" time="0.047" /><testcase classname="tests.test_upgrade_regression" name="test_tour_booking_flow" time="0.219" /><testcase classname="tests.test_upgrade_regression" name="test_application_status_by_ref" time="0.086" /><testcase classname="tests.test_upgrade_regression" name="test_application_status_by_email" time="0.042" /><testcase classname="tests.test_upgrade_regression" name="test_application_status_404" time="0.042" /><testcase classname="tests.test_upgrade_regression" name="test_application_admin_list" time="0.046" /><testcase classname="tests.test_upgrade_regression" name="test_testimonial_requires_admin" time="0.042" /><testcase classname="tests.test_upgrade_regression" name="test_testimonial_public_published" time="0.089" /><testcase classname="tests.test_upgrade_regression" name="test_video_requires_admin" time="0.041" /><testcase classname="tests.test_upgrade_regression" name="test_video_public_free" time="0.085" /><testcase classname="tests.test_upgrade_regression" name="test_teacher_public_active" time="0.088" /><testcase classname="tests.test_upgrade_regression" name="test_student_login_bad_creds" time="0.042" /><testcase classname="tests.test_upgrade_regression" name="test_student_me" time="0.623" /><testcase classname="tests.test_upgrade_regression" name="test_student_cannot_call_admin" time="0.045" /><testcase classname="tests.test_upgrade_regression" name="test_admin_cannot_call_student_only" time="0.042" /><testcase classname="tests.test_upgrade_regression" name="test_messages_bidirectional" time="0.227" /><testcase classname="tests.test_upgrade_regression" name="test_admin_message_threads" time="0.046" /><testcase classname="tests.test_upgrade_regression" name="test_admin_send_message_requires_student_id" time="0.081" /><testcase classname="tests.test_upgrade_regression" name="test_ticket_flow" time="0.183" /><testcase classname="tests.test_upgrade_regression" name="test_site_settings_public" time="0.043" /><testcase classname="tests.test_upgrade_regression" name="test_site_settings_patch_requires_admin" time="0.043" /><testcase classname="tests.test_upgrade_regression" name="test_site_settings_patch_admin" time="0.051" /></testsuite></testsuites>